<?xml version="1.0" encoding="UTF-8"?>
<!-- Generated by org.testng.reporters.JUnitReportReporter -->
<testsuite hostname="Shaheens-iMac.lan" failures="0" tests="8" name="Qa.testCases.CheckOutPageTest" time="164.806" errors="0" timestamp="2023-04-23T01:38:31 EDT" skipped="0">
  <testcase classname="Qa.testCases.CheckOutPageTest" name="CartElementText" time="17.350"/>
  <system-out/>
  <testcase classname="Qa.testCases.CheckOutPageTest" name="SendSomeKey" time="20.192"/>
  <system-out/>
  <testcase classname="Qa.testCases.CheckOutPageTest" name="Naming" time="18.607"/>
  <system-out/>
  <testcase classname="Qa.testCases.CheckOutPageTest" name="ToalVerify" time="14.416"/>
  <system-out/>
  <testcase classname="Qa.testCases.CheckOutPageTest" name="VerifyGmail" time="17.239"/>
  <system-out/>
  <testcase classname="Qa.testCases.CheckOutPageTest" name="ContactVerification" time="20.838"/>
  <system-out/>
  <testcase classname="Qa.testCases.CheckOutPageTest" name="VerifyCountryLoc" time="17.652"/>
  <system-out/>
  <testcase classname="Qa.testCases.CheckOutPageTest" name="AddVer" time="38.512"/>
  <system-out/>
</testsuite> <!-- Qa.testCases.CheckOutPageTest -->
