<?xml version="1.0" encoding="UTF-8"?>
<!-- Generated by org.testng.reporters.JUnitReportReporter -->
<testsuite hostname="Shaheens-iMac.local" failures="0" tests="4" name="Qa.testCases.HomepageTest" time="181.896" errors="0" timestamp="2023-05-05T23:54:02 EDT" skipped="0">
  <testcase classname="Qa.testCases.HomepageTest" name="LogoDisplayOfsites" time="124.440"/>
  <system-out/>
  <testcase classname="Qa.testCases.HomepageTest" name="VerifyPriceTag" time="18.305"/>
  <system-out/>
  <testcase classname="Qa.testCases.HomepageTest" name="PrecautionText" time="18.268"/>
  <system-out/>
  <testcase classname="Qa.testCases.HomepageTest" name="ClickOperate" time="20.883"/>
  <system-out/>
</testsuite> <!-- Qa.testCases.HomepageTest -->
